<?xml version="1.0" encoding="UTF-8"?>
<coverage generated="1614792633188" clover="3.2.0">
  <project timestamp="1614792633188" name="All files">
    <metrics statements="28" coveredstatements="27" conditionals="14" coveredconditionals="13" methods="3" coveredmethods="3" elements="45" coveredelements="43" complexity="0" loc="28" ncloc="28" packages="1" files="2" classes="2"/>
    <file name="index.js" path="/home/aleksey/frontend-project-lvl2/src/index.js">
      <metrics statements="23" coveredstatements="22" conditionals="14" coveredconditionals="13" methods="2" coveredmethods="2"/>
      <line num="4" count="1" type="stmt"/>
      <line num="5" count="1" type="stmt"/>
      <line num="6" count="1" type="stmt"/>
      <line num="8" count="1" type="stmt"/>
      <line num="9" count="1" type="stmt"/>
      <line num="11" count="1" type="stmt"/>
      <line num="13" count="1" type="stmt"/>
      <line num="14" count="5" type="cond" truecount="2" falsecount="0"/>
      <line num="15" count="1" type="stmt"/>
      <line num="16" count="1" type="stmt"/>
      <line num="19" count="4" type="cond" truecount="4" falsecount="0"/>
      <line num="20" count="1" type="stmt"/>
      <line num="21" count="1" type="stmt"/>
      <line num="24" count="3" type="cond" truecount="4" falsecount="0"/>
      <line num="25" count="2" type="stmt"/>
      <line num="26" count="2" type="stmt"/>
      <line num="29" count="1" type="cond" truecount="3" falsecount="1"/>
      <line num="30" count="1" type="stmt"/>
      <line num="31" count="1" type="stmt"/>
      <line num="32" count="1" type="stmt"/>
      <line num="34" count="0" type="stmt"/>
      <line num="37" count="1" type="stmt"/>
      <line num="38" count="1" type="stmt"/>
    </file>
    <file name="utils.js" path="/home/aleksey/frontend-project-lvl2/src/utils.js">
      <metrics statements="5" coveredstatements="5" conditionals="0" coveredconditionals="0" methods="1" coveredmethods="1"/>
      <line num="5" count="1" type="stmt"/>
      <line num="6" count="3" type="stmt"/>
      <line num="7" count="3" type="stmt"/>
      <line num="8" count="3" type="stmt"/>
      <line num="9" count="3" type="stmt"/>
    </file>
  </project>
</coverage>
