{"/home/aleksey/frontend-project-lvl2/src/index.js": {"path":"/home/aleksey/frontend-project-lvl2/src/index.js","all":false,"statementMap":{"0":{"start":{"line":1,"column":0},"end":{"line":1,"column":23}},"1":{"start":{"line":2,"column":0},"end":{"line":2,"column":34}},"2":{"start":{"line":3,"column":0},"end":{"line":3,"column":0}},"3":{"start":{"line":4,"column":0},"end":{"line":4,"column":47}},"4":{"start":{"line":5,"column":0},"end":{"line":5,"column":59}},"5":{"start":{"line":6,"column":0},"end":{"line":6,"column":50}},"6":{"start":{"line":7,"column":0},"end":{"line":7,"column":0}},"7":{"start":{"line":8,"column":0},"end":{"line":8,"column":59}},"8":{"start":{"line":9,"column":0},"end":{"line":9,"column":50}},"9":{"start":{"line":10,"column":0},"end":{"line":10,"column":0}},"10":{"start":{"line":11,"column":0},"end":{"line":11,"column":81}},"11":{"start":{"line":12,"column":0},"end":{"line":12,"column":0}},"12":{"start":{"line":13,"column":0},"end":{"line":13,"column":57}},"13":{"start":{"line":14,"column":0},"end":{"line":14,"column":54}},"14":{"start":{"line":15,"column":0},"end":{"line":15,"column":51}},"15":{"start":{"line":16,"column":0},"end":{"line":16,"column":17}},"16":{"start":{"line":17,"column":0},"end":{"line":17,"column":5}},"17":{"start":{"line":18,"column":0},"end":{"line":18,"column":0}},"18":{"start":{"line":19,"column":0},"end":{"line":19,"column":70}},"19":{"start":{"line":20,"column":0},"end":{"line":20,"column":51}},"20":{"start":{"line":21,"column":0},"end":{"line":21,"column":17}},"21":{"start":{"line":22,"column":0},"end":{"line":22,"column":5}},"22":{"start":{"line":23,"column":0},"end":{"line":23,"column":0}},"23":{"start":{"line":24,"column":0},"end":{"line":24,"column":70}},"24":{"start":{"line":25,"column":0},"end":{"line":25,"column":51}},"25":{"start":{"line":26,"column":0},"end":{"line":26,"column":17}},"26":{"start":{"line":27,"column":0},"end":{"line":27,"column":5}},"27":{"start":{"line":28,"column":0},"end":{"line":28,"column":0}},"28":{"start":{"line":29,"column":0},"end":{"line":29,"column":67}},"29":{"start":{"line":30,"column":0},"end":{"line":30,"column":51}},"30":{"start":{"line":31,"column":0},"end":{"line":31,"column":51}},"31":{"start":{"line":32,"column":0},"end":{"line":32,"column":17}},"32":{"start":{"line":33,"column":0},"end":{"line":33,"column":5}},"33":{"start":{"line":34,"column":0},"end":{"line":34,"column":15}},"34":{"start":{"line":35,"column":0},"end":{"line":35,"column":9}},"35":{"start":{"line":36,"column":0},"end":{"line":36,"column":0}},"36":{"start":{"line":37,"column":0},"end":{"line":37,"column":44}},"37":{"start":{"line":38,"column":0},"end":{"line":38,"column":16}},"38":{"start":{"line":39,"column":0},"end":{"line":39,"column":2}},"39":{"start":{"line":40,"column":0},"end":{"line":40,"column":0}},"40":{"start":{"line":41,"column":0},"end":{"line":41,"column":23}}},"s":{"0":1,"1":1,"2":1,"3":1,"4":1,"5":1,"6":1,"7":1,"8":1,"9":1,"10":1,"11":5,"12":5,"13":5,"14":5,"15":5,"16":1,"17":1,"18":5,"19":3,"20":5,"21":2,"22":2,"23":5,"24":1,"25":5,"26":1,"27":1,"28":1,"29":5,"30":1,"31":1,"32":1,"33":1,"34":1,"35":1,"36":1,"37":1,"38":1,"39":1,"40":1},"branchMap":{"0":{"type":"branch","line":1,"loc":{"start":{"line":1,"column":0},"end":{"line":37,"column":1}},"locations":[{"start":{"line":1,"column":0},"end":{"line":37,"column":1}}]},"1":{"type":"branch","line":1,"loc":{"start":{"line":1,"column":0},"end":{"line":34,"column":1}},"locations":[{"start":{"line":1,"column":0},"end":{"line":34,"column":1}}]},"2":{"type":"branch","line":11,"loc":{"start":{"line":11,"column":36},"end":{"line":31,"column":6}},"locations":[{"start":{"line":11,"column":36},"end":{"line":31,"column":6}}]},"3":{"type":"branch","line":13,"loc":{"start":{"line":13,"column":22},"end":{"line":14,"column":41}},"locations":[{"start":{"line":13,"column":22},"end":{"line":14,"column":41}}]},"4":{"type":"branch","line":14,"loc":{"start":{"line":14,"column":41},"end":{"line":15,"column":26}},"locations":[{"start":{"line":14,"column":41},"end":{"line":15,"column":26}}]},"5":{"type":"branch","line":15,"loc":{"start":{"line":15,"column":26},"end":{"line":16,"column":3}},"locations":[{"start":{"line":15,"column":26},"end":{"line":16,"column":3}}]},"6":{"type":"branch","line":16,"loc":{"start":{"line":16,"column":5},"end":{"line":19,"column":57}},"locations":[{"start":{"line":16,"column":5},"end":{"line":19,"column":57}}]},"7":{"type":"branch","line":19,"loc":{"start":{"line":19,"column":57},"end":{"line":21,"column":3}},"locations":[{"start":{"line":19,"column":57},"end":{"line":21,"column":3}}]},"8":{"type":"branch","line":21,"loc":{"start":{"line":21,"column":5},"end":{"line":24,"column":57}},"locations":[{"start":{"line":21,"column":5},"end":{"line":24,"column":57}}]},"9":{"type":"branch","line":24,"loc":{"start":{"line":24,"column":57},"end":{"line":26,"column":0}},"locations":[{"start":{"line":24,"column":57},"end":{"line":26,"column":0}}]},"10":{"type":"branch","line":26,"loc":{"start":{"line":26,"column":2},"end":{"line":30,"column":38}},"locations":[{"start":{"line":26,"column":2},"end":{"line":30,"column":38}}]},"11":{"type":"branch","line":30,"loc":{"start":{"line":30,"column":38},"end":{"line":31,"column":5}},"locations":[{"start":{"line":30,"column":38},"end":{"line":31,"column":5}}]}},"b":{"0":[1],"1":[1],"2":[5],"3":[1],"4":[4],"5":[1],"6":[1],"7":[3],"8":[2],"9":[1],"10":[1],"11":[0]},"fnMap":{"0":{"name":"genDiff","decl":{"start":{"line":1,"column":0},"end":{"line":34,"column":1}},"loc":{"start":{"line":1,"column":0},"end":{"line":34,"column":1}},"line":1}},"f":{"0":1}}
,"/home/aleksey/frontend-project-lvl2/src/utils.js": {"path":"/home/aleksey/frontend-project-lvl2/src/utils.js","all":false,"statementMap":{"0":{"start":{"line":1,"column":0},"end":{"line":1,"column":36}},"1":{"start":{"line":2,"column":0},"end":{"line":2,"column":37}},"2":{"start":{"line":3,"column":0},"end":{"line":3,"column":20}},"3":{"start":{"line":4,"column":0},"end":{"line":4,"column":0}},"4":{"start":{"line":5,"column":0},"end":{"line":5,"column":32}},"5":{"start":{"line":6,"column":0},"end":{"line":6,"column":52}},"6":{"start":{"line":7,"column":0},"end":{"line":7,"column":40}},"7":{"start":{"line":8,"column":0},"end":{"line":8,"column":84}},"8":{"start":{"line":9,"column":0},"end":{"line":9,"column":43}},"9":{"start":{"line":10,"column":0},"end":{"line":10,"column":2}},"10":{"start":{"line":11,"column":0},"end":{"line":11,"column":0}},"11":{"start":{"line":12,"column":0},"end":{"line":12,"column":24}}},"s":{"0":1,"1":3,"2":3,"3":3,"4":3,"5":3,"6":3,"7":1,"8":1,"9":1,"10":1,"11":1},"branchMap":{"0":{"type":"branch","line":1,"loc":{"start":{"line":1,"column":0},"end":{"line":8,"column":69}},"locations":[{"start":{"line":1,"column":0},"end":{"line":8,"column":69}}]},"1":{"type":"branch","line":1,"loc":{"start":{"line":1,"column":25},"end":{"line":8,"column":41}},"locations":[{"start":{"line":1,"column":25},"end":{"line":8,"column":41}}]}},"b":{"0":[1],"1":[3]},"fnMap":{"0":{"name":"readFile","decl":{"start":{"line":1,"column":25},"end":{"line":8,"column":41}},"loc":{"start":{"line":1,"column":25},"end":{"line":8,"column":41}},"line":1}},"f":{"0":3}}
}
