TN:
SF:src/index.js
FN:1,genDiff
FNF:1
FNH:1
FNDA:1,genDiff
DA:1,1
DA:2,1
DA:3,1
DA:4,1
DA:5,1
DA:6,1
DA:7,1
DA:8,1
DA:9,1
DA:10,1
DA:11,1
DA:12,5
DA:13,5
DA:14,5
DA:15,5
DA:16,5
DA:17,1
DA:18,1
DA:19,5
DA:20,3
DA:21,5
DA:22,2
DA:23,2
DA:24,5
DA:25,1
DA:26,5
DA:27,1
DA:28,1
DA:29,1
DA:30,5
DA:31,1
DA:32,1
DA:33,1
DA:34,1
DA:35,1
DA:36,1
DA:37,1
DA:38,1
DA:39,1
DA:40,1
DA:41,1
LF:41
LH:41
BRDA:1,0,0,1
BRDA:1,1,0,1
BRDA:11,2,0,5
BRDA:13,3,0,1
BRDA:14,4,0,4
BRDA:15,5,0,1
BRDA:16,6,0,1
BRDA:19,7,0,3
BRDA:21,8,0,2
BRDA:24,9,0,1
BRDA:26,10,0,1
BRDA:30,11,0,0
BRF:12
BRH:11
end_of_record
TN:
SF:src/utils.js
FN:1,readFile
FNF:1
FNH:1
FNDA:3,readFile
DA:1,1
DA:2,3
DA:3,3
DA:4,3
DA:5,3
DA:6,3
DA:7,3
DA:8,1
DA:9,1
DA:10,1
DA:11,1
DA:12,1
LF:12
LH:12
BRDA:1,0,0,1
BRDA:1,1,0,3
BRF:2
BRH:2
end_of_record
